<?xml version="1.0" encoding="UTF-8"?>
<!-- Generated by org.testng.reporters.JUnitReportReporter -->
<testsuite skipped="0" hostname="narek-MS-7917" name="org.badcoding.dao.interfaces.CustomerDAOTest" tests="5" failures="0" timestamp="07 Apr 2018 21:59:38 GMT" time="0.002" errors="0">
  <testcase name="testAddCustomer" time="0.000" classname="org.badcoding.dao.interfaces.CustomerDAOTest"/>
  <testcase name="testRemoveCustomer" time="0.000" classname="org.badcoding.dao.interfaces.CustomerDAOTest"/>
  <testcase name="testGetCustomerById" time="0.001" classname="org.badcoding.dao.interfaces.CustomerDAOTest"/>
  <testcase name="testListCustomers" time="0.000" classname="org.badcoding.dao.interfaces.CustomerDAOTest"/>
  <testcase name="testUpdateCustomer" time="0.001" classname="org.badcoding.dao.interfaces.CustomerDAOTest"/>
</testsuite> <!-- org.badcoding.dao.interfaces.CustomerDAOTest -->
